The target system is: Android - 22 - armv7-a
The host system is: Darwin - 16.7.0 - x86_64
Determining if the C compiler works passed with the following output:
Change Dir: /Users/mac02/Downloads/vuforia-sdk-android-7-5-26/samples/UVCDriver/build/android/armeabi-v7a/CMakeFiles/CMakeTmp

Run Build Command:"/usr/local/bin/ninja" "cmTC_35b23"
[1/2] Building C object CMakeFiles/cmTC_35b23.dir/testCCompiler.c.o
[2/2] Linking C executable cmTC_35b23


Detecting C compiler ABI info compiled with the following output:
Change Dir: /Users/mac02/Downloads/vuforia-sdk-android-7-5-26/samples/UVCDriver/build/android/armeabi-v7a/CMakeFiles/CMakeTmp

Run Build Command:"/usr/local/bin/ninja" "cmTC_1c93e"
[1/2] Building C object CMakeFiles/cmTC_1c93e.dir/CMakeCCompilerABI.c.o
[2/2] Linking C executable cmTC_1c93e
Android clang version 3.8.256229  (based on LLVM 3.8.256229)
Target: armv7-none-linux-android
Thread model: posix
InstalledDir: /Users/mac02/Library/Android/android-ndk-r13b/toolchains/llvm/prebuilt/darwin-x86_64/bin
Found candidate GCC installation: /Users/mac02/Library/Android/android-ndk-r13b/toolchains/arm-linux-androideabi-4.9/prebuilt/darwin-x86_64/lib/gcc/arm-linux-androideabi/4.9.x
Selected GCC installation: /Users/mac02/Library/Android/android-ndk-r13b/toolchains/arm-linux-androideabi-4.9/prebuilt/darwin-x86_64/lib/gcc/arm-linux-androideabi/4.9.x
Candidate multilib: .;@m32
Selected multilib: .;@m32
 "/Users/mac02/Library/Android/android-ndk-r13b/toolchains/arm-linux-androideabi-4.9/prebuilt/darwin-x86_64/lib/gcc/arm-linux-androideabi/4.9.x/../../../../arm-linux-androideabi/bin/ld" --sysroot=/Users/mac02/Library/Android/android-ndk-r13b/platforms/android-22/arch-arm -pie -X --eh-frame-hdr -m armelf_linux_eabi -dynamic-linker /system/bin/linker -o cmTC_1c93e /Users/mac02/Library/Android/android-ndk-r13b/platforms/android-22/arch-arm/usr/lib/../lib/crtbegin_dynamic.o -L/Users/mac02/Library/Android/android-ndk-r13b/toolchains/arm-linux-androideabi-4.9/prebuilt/darwin-x86_64/lib/gcc/arm-linux-androideabi/4.9.x -L/Users/mac02/Library/Android/android-ndk-r13b/toolchains/arm-linux-androideabi-4.9/prebuilt/darwin-x86_64/lib/gcc/arm-linux-androideabi/4.9.x/../../../../arm-linux-androideabi/lib/../lib -L/Users/mac02/Library/Android/android-ndk-r13b/platforms/android-22/arch-arm/usr/lib/../lib -L/Users/mac02/Library/Android/android-ndk-r13b/toolchains/arm-linux-androideabi-4.9/prebuilt/darwin-x86_64/lib/gcc/arm-linux-androideabi/4.9.x/../../../../arm-linux-androideabi/lib -L/Users/mac02/Library/Android/android-ndk-r13b/platforms/android-22/arch-arm/usr/lib --build-id --warn-shared-textrel --fatal-warnings --fix-cortex-a8 --exclude-libs libunwind.a --no-undefined -z noexecstack -z relro -z now --gc-sections -z nocopyreloc --build-id --warn-shared-textrel --fatal-warnings --fix-cortex-a8 --exclude-libs libunwind.a --no-undefined -z noexecstack -z relro -z now --gc-sections -z nocopyreloc CMakeFiles/cmTC_1c93e.dir/CMakeCCompilerABI.c.o -lgcc -ldl -lc -lgcc -ldl /Users/mac02/Library/Android/android-ndk-r13b/platforms/android-22/arch-arm/usr/lib/../lib/crtend_android.o


Parsed C implicit link information from above output:
  link line regex: [^( *|.*[/\])(arm-linux-androideabi-ld|CMAKE_LINK_STARTFILE-NOTFOUND|([^/\]+-)?ld|collect2)[^/\]*( |$)]
  ignore line: [Change Dir: /Users/mac02/Downloads/vuforia-sdk-android-7-5-26/samples/UVCDriver/build/android/armeabi-v7a/CMakeFiles/CMakeTmp]
  ignore line: []
  ignore line: [Run Build Command:"/usr/local/bin/ninja" "cmTC_1c93e"]
  ignore line: [[1/2] Building C object CMakeFiles/cmTC_1c93e.dir/CMakeCCompilerABI.c.o]
  ignore line: [[2/2] Linking C executable cmTC_1c93e]
  ignore line: [Android clang version 3.8.256229  (based on LLVM 3.8.256229)]
  ignore line: [Target: armv7-none-linux-android]
  ignore line: [Thread model: posix]
  ignore line: [InstalledDir: /Users/mac02/Library/Android/android-ndk-r13b/toolchains/llvm/prebuilt/darwin-x86_64/bin]
  ignore line: [Found candidate GCC installation: /Users/mac02/Library/Android/android-ndk-r13b/toolchains/arm-linux-androideabi-4.9/prebuilt/darwin-x86_64/lib/gcc/arm-linux-androideabi/4.9.x]
  ignore line: [Selected GCC installation: /Users/mac02/Library/Android/android-ndk-r13b/toolchains/arm-linux-androideabi-4.9/prebuilt/darwin-x86_64/lib/gcc/arm-linux-androideabi/4.9.x]
  ignore line: [Candidate multilib: .]
  ignore line: [@m32]
  ignore line: [Selected multilib: .]
  ignore line: [@m32]
  link line: [ "/Users/mac02/Library/Android/android-ndk-r13b/toolchains/arm-linux-androideabi-4.9/prebuilt/darwin-x86_64/lib/gcc/arm-linux-androideabi/4.9.x/../../../../arm-linux-androideabi/bin/ld" --sysroot=/Users/mac02/Library/Android/android-ndk-r13b/platforms/android-22/arch-arm -pie -X --eh-frame-hdr -m armelf_linux_eabi -dynamic-linker /system/bin/linker -o cmTC_1c93e /Users/mac02/Library/Android/android-ndk-r13b/platforms/android-22/arch-arm/usr/lib/../lib/crtbegin_dynamic.o -L/Users/mac02/Library/Android/android-ndk-r13b/toolchains/arm-linux-androideabi-4.9/prebuilt/darwin-x86_64/lib/gcc/arm-linux-androideabi/4.9.x -L/Users/mac02/Library/Android/android-ndk-r13b/toolchains/arm-linux-androideabi-4.9/prebuilt/darwin-x86_64/lib/gcc/arm-linux-androideabi/4.9.x/../../../../arm-linux-androideabi/lib/../lib -L/Users/mac02/Library/Android/android-ndk-r13b/platforms/android-22/arch-arm/usr/lib/../lib -L/Users/mac02/Library/Android/android-ndk-r13b/toolchains/arm-linux-androideabi-4.9/prebuilt/darwin-x86_64/lib/gcc/arm-linux-androideabi/4.9.x/../../../../arm-linux-androideabi/lib -L/Users/mac02/Library/Android/android-ndk-r13b/platforms/android-22/arch-arm/usr/lib --build-id --warn-shared-textrel --fatal-warnings --fix-cortex-a8 --exclude-libs libunwind.a --no-undefined -z noexecstack -z relro -z now --gc-sections -z nocopyreloc --build-id --warn-shared-textrel --fatal-warnings --fix-cortex-a8 --exclude-libs libunwind.a --no-undefined -z noexecstack -z relro -z now --gc-sections -z nocopyreloc CMakeFiles/cmTC_1c93e.dir/CMakeCCompilerABI.c.o -lgcc -ldl -lc -lgcc -ldl /Users/mac02/Library/Android/android-ndk-r13b/platforms/android-22/arch-arm/usr/lib/../lib/crtend_android.o]
    arg [/Users/mac02/Library/Android/android-ndk-r13b/toolchains/arm-linux-androideabi-4.9/prebuilt/darwin-x86_64/lib/gcc/arm-linux-androideabi/4.9.x/../../../../arm-linux-androideabi/bin/ld] ==> ignore
    arg [--sysroot=/Users/mac02/Library/Android/android-ndk-r13b/platforms/android-22/arch-arm] ==> ignore
    arg [-pie] ==> ignore
    arg [-X] ==> ignore
    arg [--eh-frame-hdr] ==> ignore
    arg [-m] ==> ignore
    arg [armelf_linux_eabi] ==> ignore
    arg [-dynamic-linker] ==> ignore
    arg [/system/bin/linker] ==> ignore
    arg [-o] ==> ignore
    arg [cmTC_1c93e] ==> ignore
    arg [/Users/mac02/Library/Android/android-ndk-r13b/platforms/android-22/arch-arm/usr/lib/../lib/crtbegin_dynamic.o] ==> ignore
    arg [-L/Users/mac02/Library/Android/android-ndk-r13b/toolchains/arm-linux-androideabi-4.9/prebuilt/darwin-x86_64/lib/gcc/arm-linux-androideabi/4.9.x] ==> dir [/Users/mac02/Library/Android/android-ndk-r13b/toolchains/arm-linux-androideabi-4.9/prebuilt/darwin-x86_64/lib/gcc/arm-linux-androideabi/4.9.x]
    arg [-L/Users/mac02/Library/Android/android-ndk-r13b/toolchains/arm-linux-androideabi-4.9/prebuilt/darwin-x86_64/lib/gcc/arm-linux-androideabi/4.9.x/../../../../arm-linux-androideabi/lib/../lib] ==> dir [/Users/mac02/Library/Android/android-ndk-r13b/toolchains/arm-linux-androideabi-4.9/prebuilt/darwin-x86_64/lib/gcc/arm-linux-androideabi/4.9.x/../../../../arm-linux-androideabi/lib/../lib]
    arg [-L/Users/mac02/Library/Android/android-ndk-r13b/platforms/android-22/arch-arm/usr/lib/../lib] ==> dir [/Users/mac02/Library/Android/android-ndk-r13b/platforms/android-22/arch-arm/usr/lib/../lib]
    arg [-L/Users/mac02/Library/Android/android-ndk-r13b/toolchains/arm-linux-androideabi-4.9/prebuilt/darwin-x86_64/lib/gcc/arm-linux-androideabi/4.9.x/../../../../arm-linux-androideabi/lib] ==> dir [/Users/mac02/Library/Android/android-ndk-r13b/toolchains/arm-linux-androideabi-4.9/prebuilt/darwin-x86_64/lib/gcc/arm-linux-androideabi/4.9.x/../../../../arm-linux-androideabi/lib]
    arg [-L/Users/mac02/Library/Android/android-ndk-r13b/platforms/android-22/arch-arm/usr/lib] ==> dir [/Users/mac02/Library/Android/android-ndk-r13b/platforms/android-22/arch-arm/usr/lib]
    arg [--build-id] ==> ignore
    arg [--warn-shared-textrel] ==> ignore
    arg [--fatal-warnings] ==> ignore
    arg [--fix-cortex-a8] ==> ignore
    arg [--exclude-libs] ==> ignore
    arg [libunwind.a] ==> ignore
    arg [--no-undefined] ==> ignore
    arg [-znoexecstack] ==> ignore
    arg [-zrelro] ==> ignore
    arg [-znow] ==> ignore
    arg [--gc-sections] ==> ignore
    arg [-znocopyreloc] ==> ignore
    arg [--build-id] ==> ignore
    arg [--warn-shared-textrel] ==> ignore
    arg [--fatal-warnings] ==> ignore
    arg [--fix-cortex-a8] ==> ignore
    arg [--exclude-libs] ==> ignore
    arg [libunwind.a] ==> ignore
    arg [--no-undefined] ==> ignore
    arg [-znoexecstack] ==> ignore
    arg [-zrelro] ==> ignore
    arg [-znow] ==> ignore
    arg [--gc-sections] ==> ignore
    arg [-znocopyreloc] ==> ignore
    arg [CMakeFiles/cmTC_1c93e.dir/CMakeCCompilerABI.c.o] ==> ignore
    arg [-lgcc] ==> lib [gcc]
    arg [-ldl] ==> lib [dl]
    arg [-lc] ==> lib [c]
    arg [-lgcc] ==> lib [gcc]
    arg [-ldl] ==> lib [dl]
    arg [/Users/mac02/Library/Android/android-ndk-r13b/platforms/android-22/arch-arm/usr/lib/../lib/crtend_android.o] ==> ignore
  collapse library dir [/Users/mac02/Library/Android/android-ndk-r13b/toolchains/arm-linux-androideabi-4.9/prebuilt/darwin-x86_64/lib/gcc/arm-linux-androideabi/4.9.x] ==> [/Users/mac02/Library/Android/android-ndk-r13b/toolchains/arm-linux-androideabi-4.9/prebuilt/darwin-x86_64/lib/gcc/arm-linux-androideabi/4.9.x]
  collapse library dir [/Users/mac02/Library/Android/android-ndk-r13b/toolchains/arm-linux-androideabi-4.9/prebuilt/darwin-x86_64/lib/gcc/arm-linux-androideabi/4.9.x/../../../../arm-linux-androideabi/lib/../lib] ==> [/Users/mac02/Library/Android/android-ndk-r13b/toolchains/arm-linux-androideabi-4.9/prebuilt/darwin-x86_64/arm-linux-androideabi/lib]
  collapse library dir [/Users/mac02/Library/Android/android-ndk-r13b/platforms/android-22/arch-arm/usr/lib/../lib] ==> [/Users/mac02/Library/Android/android-ndk-r13b/platforms/android-22/arch-arm/usr/lib]
  collapse library dir [/Users/mac02/Library/Android/android-ndk-r13b/toolchains/arm-linux-androideabi-4.9/prebuilt/darwin-x86_64/lib/gcc/arm-linux-androideabi/4.9.x/../../../../arm-linux-androideabi/lib] ==> [/Users/mac02/Library/Android/android-ndk-r13b/toolchains/arm-linux-androideabi-4.9/prebuilt/darwin-x86_64/arm-linux-androideabi/lib]
  collapse library dir [/Users/mac02/Library/Android/android-ndk-r13b/platforms/android-22/arch-arm/usr/lib] ==> [/Users/mac02/Library/Android/android-ndk-r13b/platforms/android-22/arch-arm/usr/lib]
  implicit libs: [gcc;dl;c;gcc;dl]
  implicit dirs: [/Users/mac02/Library/Android/android-ndk-r13b/toolchains/arm-linux-androideabi-4.9/prebuilt/darwin-x86_64/lib/gcc/arm-linux-androideabi/4.9.x;/Users/mac02/Library/Android/android-ndk-r13b/toolchains/arm-linux-androideabi-4.9/prebuilt/darwin-x86_64/arm-linux-androideabi/lib;/Users/mac02/Library/Android/android-ndk-r13b/platforms/android-22/arch-arm/usr/lib]
  implicit fwks: []


Determining if the CXX compiler works passed with the following output:
Change Dir: /Users/mac02/Downloads/vuforia-sdk-android-7-5-26/samples/UVCDriver/build/android/armeabi-v7a/CMakeFiles/CMakeTmp

Run Build Command:"/usr/local/bin/ninja" "cmTC_908da"
[1/2] Building CXX object CMakeFiles/cmTC_908da.dir/testCXXCompiler.cxx.o
[2/2] Linking CXX executable cmTC_908da


Detecting CXX compiler ABI info compiled with the following output:
Change Dir: /Users/mac02/Downloads/vuforia-sdk-android-7-5-26/samples/UVCDriver/build/android/armeabi-v7a/CMakeFiles/CMakeTmp

Run Build Command:"/usr/local/bin/ninja" "cmTC_a71e0"
[1/2] Building CXX object CMakeFiles/cmTC_a71e0.dir/CMakeCXXCompilerABI.cpp.o
[2/2] Linking CXX executable cmTC_a71e0
Android clang version 3.8.256229  (based on LLVM 3.8.256229)
Target: armv7-none-linux-android
Thread model: posix
InstalledDir: /Users/mac02/Library/Android/android-ndk-r13b/toolchains/llvm/prebuilt/darwin-x86_64/bin
Found candidate GCC installation: /Users/mac02/Library/Android/android-ndk-r13b/toolchains/arm-linux-androideabi-4.9/prebuilt/darwin-x86_64/lib/gcc/arm-linux-androideabi/4.9.x
Selected GCC installation: /Users/mac02/Library/Android/android-ndk-r13b/toolchains/arm-linux-androideabi-4.9/prebuilt/darwin-x86_64/lib/gcc/arm-linux-androideabi/4.9.x
Candidate multilib: .;@m32
Selected multilib: .;@m32
 "/Users/mac02/Library/Android/android-ndk-r13b/toolchains/arm-linux-androideabi-4.9/prebuilt/darwin-x86_64/lib/gcc/arm-linux-androideabi/4.9.x/../../../../arm-linux-androideabi/bin/ld" --sysroot=/Users/mac02/Library/Android/android-ndk-r13b/platforms/android-22/arch-arm -pie -X --eh-frame-hdr -m armelf_linux_eabi -dynamic-linker /system/bin/linker -o cmTC_a71e0 /Users/mac02/Library/Android/android-ndk-r13b/platforms/android-22/arch-arm/usr/lib/../lib/crtbegin_dynamic.o -L/Users/mac02/Library/Android/android-ndk-r13b/toolchains/arm-linux-androideabi-4.9/prebuilt/darwin-x86_64/lib/gcc/arm-linux-androideabi/4.9.x -L/Users/mac02/Library/Android/android-ndk-r13b/toolchains/arm-linux-androideabi-4.9/prebuilt/darwin-x86_64/lib/gcc/arm-linux-androideabi/4.9.x/../../../../arm-linux-androideabi/lib/../lib -L/Users/mac02/Library/Android/android-ndk-r13b/platforms/android-22/arch-arm/usr/lib/../lib -L/Users/mac02/Library/Android/android-ndk-r13b/toolchains/arm-linux-androideabi-4.9/prebuilt/darwin-x86_64/lib/gcc/arm-linux-androideabi/4.9.x/../../../../arm-linux-androideabi/lib -L/Users/mac02/Library/Android/android-ndk-r13b/platforms/android-22/arch-arm/usr/lib --build-id --warn-shared-textrel --fatal-warnings --fix-cortex-a8 --exclude-libs libunwind.a --no-undefined -z noexecstack -z relro -z now --gc-sections -z nocopyreloc --build-id --warn-shared-textrel --fatal-warnings --fix-cortex-a8 --exclude-libs libunwind.a --no-undefined -z noexecstack -z relro -z now --gc-sections -z nocopyreloc CMakeFiles/cmTC_a71e0.dir/CMakeCXXCompilerABI.cpp.o -lstdc++ -lm -lgcc -lgcc -ldl -lc -lgcc -lgcc -ldl /Users/mac02/Library/Android/android-ndk-r13b/platforms/android-22/arch-arm/usr/lib/../lib/crtend_android.o


Parsed CXX implicit link information from above output:
  link line regex: [^( *|.*[/\])(arm-linux-androideabi-ld|CMAKE_LINK_STARTFILE-NOTFOUND|([^/\]+-)?ld|collect2)[^/\]*( |$)]
  ignore line: [Change Dir: /Users/mac02/Downloads/vuforia-sdk-android-7-5-26/samples/UVCDriver/build/android/armeabi-v7a/CMakeFiles/CMakeTmp]
  ignore line: []
  ignore line: [Run Build Command:"/usr/local/bin/ninja" "cmTC_a71e0"]
  ignore line: [[1/2] Building CXX object CMakeFiles/cmTC_a71e0.dir/CMakeCXXCompilerABI.cpp.o]
  ignore line: [[2/2] Linking CXX executable cmTC_a71e0]
  ignore line: [Android clang version 3.8.256229  (based on LLVM 3.8.256229)]
  ignore line: [Target: armv7-none-linux-android]
  ignore line: [Thread model: posix]
  ignore line: [InstalledDir: /Users/mac02/Library/Android/android-ndk-r13b/toolchains/llvm/prebuilt/darwin-x86_64/bin]
  ignore line: [Found candidate GCC installation: /Users/mac02/Library/Android/android-ndk-r13b/toolchains/arm-linux-androideabi-4.9/prebuilt/darwin-x86_64/lib/gcc/arm-linux-androideabi/4.9.x]
  ignore line: [Selected GCC installation: /Users/mac02/Library/Android/android-ndk-r13b/toolchains/arm-linux-androideabi-4.9/prebuilt/darwin-x86_64/lib/gcc/arm-linux-androideabi/4.9.x]
  ignore line: [Candidate multilib: .]
  ignore line: [@m32]
  ignore line: [Selected multilib: .]
  ignore line: [@m32]
  link line: [ "/Users/mac02/Library/Android/android-ndk-r13b/toolchains/arm-linux-androideabi-4.9/prebuilt/darwin-x86_64/lib/gcc/arm-linux-androideabi/4.9.x/../../../../arm-linux-androideabi/bin/ld" --sysroot=/Users/mac02/Library/Android/android-ndk-r13b/platforms/android-22/arch-arm -pie -X --eh-frame-hdr -m armelf_linux_eabi -dynamic-linker /system/bin/linker -o cmTC_a71e0 /Users/mac02/Library/Android/android-ndk-r13b/platforms/android-22/arch-arm/usr/lib/../lib/crtbegin_dynamic.o -L/Users/mac02/Library/Android/android-ndk-r13b/toolchains/arm-linux-androideabi-4.9/prebuilt/darwin-x86_64/lib/gcc/arm-linux-androideabi/4.9.x -L/Users/mac02/Library/Android/android-ndk-r13b/toolchains/arm-linux-androideabi-4.9/prebuilt/darwin-x86_64/lib/gcc/arm-linux-androideabi/4.9.x/../../../../arm-linux-androideabi/lib/../lib -L/Users/mac02/Library/Android/android-ndk-r13b/platforms/android-22/arch-arm/usr/lib/../lib -L/Users/mac02/Library/Android/android-ndk-r13b/toolchains/arm-linux-androideabi-4.9/prebuilt/darwin-x86_64/lib/gcc/arm-linux-androideabi/4.9.x/../../../../arm-linux-androideabi/lib -L/Users/mac02/Library/Android/android-ndk-r13b/platforms/android-22/arch-arm/usr/lib --build-id --warn-shared-textrel --fatal-warnings --fix-cortex-a8 --exclude-libs libunwind.a --no-undefined -z noexecstack -z relro -z now --gc-sections -z nocopyreloc --build-id --warn-shared-textrel --fatal-warnings --fix-cortex-a8 --exclude-libs libunwind.a --no-undefined -z noexecstack -z relro -z now --gc-sections -z nocopyreloc CMakeFiles/cmTC_a71e0.dir/CMakeCXXCompilerABI.cpp.o -lstdc++ -lm -lgcc -lgcc -ldl -lc -lgcc -lgcc -ldl /Users/mac02/Library/Android/android-ndk-r13b/platforms/android-22/arch-arm/usr/lib/../lib/crtend_android.o]
    arg [/Users/mac02/Library/Android/android-ndk-r13b/toolchains/arm-linux-androideabi-4.9/prebuilt/darwin-x86_64/lib/gcc/arm-linux-androideabi/4.9.x/../../../../arm-linux-androideabi/bin/ld] ==> ignore
    arg [--sysroot=/Users/mac02/Library/Android/android-ndk-r13b/platforms/android-22/arch-arm] ==> ignore
    arg [-pie] ==> ignore
    arg [-X] ==> ignore
    arg [--eh-frame-hdr] ==> ignore
    arg [-m] ==> ignore
    arg [armelf_linux_eabi] ==> ignore
    arg [-dynamic-linker] ==> ignore
    arg [/system/bin/linker] ==> ignore
    arg [-o] ==> ignore
    arg [cmTC_a71e0] ==> ignore
    arg [/Users/mac02/Library/Android/android-ndk-r13b/platforms/android-22/arch-arm/usr/lib/../lib/crtbegin_dynamic.o] ==> ignore
    arg [-L/Users/mac02/Library/Android/android-ndk-r13b/toolchains/arm-linux-androideabi-4.9/prebuilt/darwin-x86_64/lib/gcc/arm-linux-androideabi/4.9.x] ==> dir [/Users/mac02/Library/Android/android-ndk-r13b/toolchains/arm-linux-androideabi-4.9/prebuilt/darwin-x86_64/lib/gcc/arm-linux-androideabi/4.9.x]
    arg [-L/Users/mac02/Library/Android/android-ndk-r13b/toolchains/arm-linux-androideabi-4.9/prebuilt/darwin-x86_64/lib/gcc/arm-linux-androideabi/4.9.x/../../../../arm-linux-androideabi/lib/../lib] ==> dir [/Users/mac02/Library/Android/android-ndk-r13b/toolchains/arm-linux-androideabi-4.9/prebuilt/darwin-x86_64/lib/gcc/arm-linux-androideabi/4.9.x/../../../../arm-linux-androideabi/lib/../lib]
    arg [-L/Users/mac02/Library/Android/android-ndk-r13b/platforms/android-22/arch-arm/usr/lib/../lib] ==> dir [/Users/mac02/Library/Android/android-ndk-r13b/platforms/android-22/arch-arm/usr/lib/../lib]
    arg [-L/Users/mac02/Library/Android/android-ndk-r13b/toolchains/arm-linux-androideabi-4.9/prebuilt/darwin-x86_64/lib/gcc/arm-linux-androideabi/4.9.x/../../../../arm-linux-androideabi/lib] ==> dir [/Users/mac02/Library/Android/android-ndk-r13b/toolchains/arm-linux-androideabi-4.9/prebuilt/darwin-x86_64/lib/gcc/arm-linux-androideabi/4.9.x/../../../../arm-linux-androideabi/lib]
    arg [-L/Users/mac02/Library/Android/android-ndk-r13b/platforms/android-22/arch-arm/usr/lib] ==> dir [/Users/mac02/Library/Android/android-ndk-r13b/platforms/android-22/arch-arm/usr/lib]
    arg [--build-id] ==> ignore
    arg [--warn-shared-textrel] ==> ignore
    arg [--fatal-warnings] ==> ignore
    arg [--fix-cortex-a8] ==> ignore
    arg [--exclude-libs] ==> ignore
    arg [libunwind.a] ==> ignore
    arg [--no-undefined] ==> ignore
    arg [-znoexecstack] ==> ignore
    arg [-zrelro] ==> ignore
    arg [-znow] ==> ignore
    arg [--gc-sections] ==> ignore
    arg [-znocopyreloc] ==> ignore
    arg [--build-id] ==> ignore
    arg [--warn-shared-textrel] ==> ignore
    arg [--fatal-warnings] ==> ignore
    arg [--fix-cortex-a8] ==> ignore
    arg [--exclude-libs] ==> ignore
    arg [libunwind.a] ==> ignore
    arg [--no-undefined] ==> ignore
    arg [-znoexecstack] ==> ignore
    arg [-zrelro] ==> ignore
    arg [-znow] ==> ignore
    arg [--gc-sections] ==> ignore
    arg [-znocopyreloc] ==> ignore
    arg [CMakeFiles/cmTC_a71e0.dir/CMakeCXXCompilerABI.cpp.o] ==> ignore
    arg [-lstdc++] ==> lib [stdc++]
    arg [-lm] ==> lib [m]
    arg [-lgcc] ==> lib [gcc]
    arg [-lgcc] ==> lib [gcc]
    arg [-ldl] ==> lib [dl]
    arg [-lc] ==> lib [c]
    arg [-lgcc] ==> lib [gcc]
    arg [-lgcc] ==> lib [gcc]
    arg [-ldl] ==> lib [dl]
    arg [/Users/mac02/Library/Android/android-ndk-r13b/platforms/android-22/arch-arm/usr/lib/../lib/crtend_android.o] ==> ignore
  collapse library dir [/Users/mac02/Library/Android/android-ndk-r13b/toolchains/arm-linux-androideabi-4.9/prebuilt/darwin-x86_64/lib/gcc/arm-linux-androideabi/4.9.x] ==> [/Users/mac02/Library/Android/android-ndk-r13b/toolchains/arm-linux-androideabi-4.9/prebuilt/darwin-x86_64/lib/gcc/arm-linux-androideabi/4.9.x]
  collapse library dir [/Users/mac02/Library/Android/android-ndk-r13b/toolchains/arm-linux-androideabi-4.9/prebuilt/darwin-x86_64/lib/gcc/arm-linux-androideabi/4.9.x/../../../../arm-linux-androideabi/lib/../lib] ==> [/Users/mac02/Library/Android/android-ndk-r13b/toolchains/arm-linux-androideabi-4.9/prebuilt/darwin-x86_64/arm-linux-androideabi/lib]
  collapse library dir [/Users/mac02/Library/Android/android-ndk-r13b/platforms/android-22/arch-arm/usr/lib/../lib] ==> [/Users/mac02/Library/Android/android-ndk-r13b/platforms/android-22/arch-arm/usr/lib]
  collapse library dir [/Users/mac02/Library/Android/android-ndk-r13b/toolchains/arm-linux-androideabi-4.9/prebuilt/darwin-x86_64/lib/gcc/arm-linux-androideabi/4.9.x/../../../../arm-linux-androideabi/lib] ==> [/Users/mac02/Library/Android/android-ndk-r13b/toolchains/arm-linux-androideabi-4.9/prebuilt/darwin-x86_64/arm-linux-androideabi/lib]
  collapse library dir [/Users/mac02/Library/Android/android-ndk-r13b/platforms/android-22/arch-arm/usr/lib] ==> [/Users/mac02/Library/Android/android-ndk-r13b/platforms/android-22/arch-arm/usr/lib]
  implicit libs: [stdc++;m;gcc;gcc;dl;c;gcc;gcc;dl]
  implicit dirs: [/Users/mac02/Library/Android/android-ndk-r13b/toolchains/arm-linux-androideabi-4.9/prebuilt/darwin-x86_64/lib/gcc/arm-linux-androideabi/4.9.x;/Users/mac02/Library/Android/android-ndk-r13b/toolchains/arm-linux-androideabi-4.9/prebuilt/darwin-x86_64/arm-linux-androideabi/lib;/Users/mac02/Library/Android/android-ndk-r13b/platforms/android-22/arch-arm/usr/lib]
  implicit fwks: []


